# JRE version: OpenJDK Runtime Environment Temurin-17.0.2+8 (17.0.2+8) (build 17.0.2+8)
# Java VM: OpenJDK 64-Bit Server VM Temurin-17.0.2+8 (17.0.2+8, mixed mode, emulated-client, tiered, compressed oops, compressed class ptrs, g1 gc, windows-amd64)
GC Precious Log:
 CPUs: 2 total, 2 available
 Memory: 3463M
 Large Page Support: Disabled
 NUMA Support: Disabled
 Compressed Oops: Enabled (32-bit)
 Heap Region Size: 1M
 Heap Min Capacity: 8M
 Heap Initial Capacity: 56M
 Heap Max Capacity: 866M
 Pre-touch: Disabled
 Parallel Workers: 2
 Concurrent Workers: 1
 Concurrent Refinement Workers: 2
 Periodic GC: Disabled
Heap:
 garbage-first heap   total 37888K, used 13277K [0x00000000c9e00000, 0x0000000100000000)
  region size 1024K, 5 young (5120K), 0 survivors (0K)
 Metaspace       used 29555K, committed 30016K, reserved 1081344K
  class space    used 3976K, committed 4160K, reserved 1048576K
GC Heap History (20 events):
Event: 5088.622 GC heap before
{Heap before GC invocations=491 (full 482):
 garbage-first heap   total 37888K, used 11230K [0x00000000c9e00000, 0x0000000100000000)
  region size 1024K, 3 young (3072K), 0 survivors (0K)
 Metaspace       used 29555K, committed 30016K, reserved 1081344K
  class space    used 3976K, committed 4160K, reserved 1048576K
}
Event: 5088.641 GC heap after
{Heap after GC invocations=492 (full 483):
 garbage-first heap   total 37888K, used 10205K [0x00000000c9e00000, 0x0000000100000000)
  region size 1024K, 0 young (0K), 0 survivors (0K)
 Metaspace       used 29555K, committed 30016K, reserved 1081344K
  class space    used 3976K, committed 4160K, reserved 1048576K
}
Event: 5099.369 GC heap before
{Heap before GC invocations=492 (full 483):
 garbage-first heap   total 37888K, used 11229K [0x00000000c9e00000, 0x0000000100000000)
  region size 1024K, 3 young (3072K), 0 survivors (0K)
 Metaspace       used 29555K, committed 30016K, reserved 1081344K
  class space    used 3976K, committed 4160K, reserved 1048576K
}
Event: 5099.389 GC heap after
{Heap after GC invocations=493 (full 484):
 garbage-first heap   total 37888K, used 10205K [0x00000000c9e00000, 0x0000000100000000)
  region size 1024K, 0 young (0K), 0 survivors (0K)
 Metaspace       used 29555K, committed 30016K, reserved 1081344K
  class space    used 3976K, committed 4160K, reserved 1048576K
}
Event: 5109.676 GC heap before
{Heap before GC invocations=493 (full 484):
 garbage-first heap   total 37888K, used 11229K [0x00000000c9e00000, 0x0000000100000000)
  region size 1024K, 3 young (3072K), 0 survivors (0K)
 Metaspace       used 29555K, committed 30016K, reserved 1081344K
  class space    used 3976K, committed 4160K, reserved 1048576K
}
Event: 5109.695 GC heap after
{Heap after GC invocations=494 (full 485):
 garbage-first heap   total 37888K, used 10205K [0x00000000c9e00000, 0x0000000100000000)
  region size 1024K, 0 young (0K), 0 survivors (0K)
 Metaspace       used 29555K, committed 30016K, reserved 1081344K
  class space    used 3976K, committed 4160K, reserved 1048576K
}
Event: 5120.572 GC heap before
{Heap before GC invocations=494 (full 485):
 garbage-first heap   total 37888K, used 11229K [0x00000000c9e00000, 0x0000000100000000)
  region size 1024K, 3 young (3072K), 0 survivors (0K)
 Metaspace       used 29555K, committed 30016K, reserved 1081344K
  class space    used 3976K, committed 4160K, reserved 1048576K
}
Event: 5120.591 GC heap after
{Heap after GC invocations=495 (full 486):
 garbage-first heap   total 37888K, used 10205K [0x00000000c9e00000, 0x0000000100000000)
  region size 1024K, 0 young (0K), 0 survivors (0K)
 Metaspace       used 29555K, committed 30016K, reserved 1081344K
  class space    used 3976K, committed 4160K, reserved 1048576K
}
Event: 5131.758 GC heap before
{Heap before GC invocations=495 (full 486):
 garbage-first heap   total 37888K, used 13277K [0x00000000c9e00000, 0x0000000100000000)
  region size 1024K, 5 young (5120K), 0 survivors (0K)
 Metaspace       used 29555K, committed 30016K, reserved 1081344K
  class space    used 3976K, committed 4160K, reserved 1048576K
}
Event: 5131.778 GC heap after
{Heap after GC invocations=496 (full 487):
 garbage-first heap   total 37888K, used 10206K [0x00000000c9e00000, 0x0000000100000000)
  region size 1024K, 0 young (0K), 0 survivors (0K)
 Metaspace       used 29555K, committed 30016K, reserved 1081344K
  class space    used 3976K, committed 4160K, reserved 1048576K
}
Event: 5142.069 GC heap before
{Heap before GC invocations=496 (full 487):
 garbage-first heap   total 37888K, used 11230K [0x00000000c9e00000, 0x0000000100000000)
  region size 1024K, 3 young (3072K), 0 survivors (0K)
 Metaspace       used 29555K, committed 30016K, reserved 1081344K
  class space    used 3976K, committed 4160K, reserved 1048576K
}
Event: 5142.090 GC heap after
{Heap after GC invocations=497 (full 488):
 garbage-first heap   total 37888K, used 10205K [0x00000000c9e00000, 0x0000000100000000)
  region size 1024K, 0 young (0K), 0 survivors (0K)
 Metaspace       used 29555K, committed 30016K, reserved 1081344K
  class space    used 3976K, committed 4160K, reserved 1048576K
}
Event: 5152.681 GC heap before
{Heap before GC invocations=497 (full 488):
 garbage-first heap   total 37888K, used 11229K [0x00000000c9e00000, 0x0000000100000000)
  region size 1024K, 3 young (3072K), 0 survivors (0K)
 Metaspace       used 29555K, committed 30016K, reserved 1081344K
  class space    used 3976K, committed 4160K, reserved 1048576K
}
Event: 5152.700 GC heap after
{Heap after GC invocations=498 (full 489):
 garbage-first heap   total 37888K, used 10205K [0x00000000c9e00000, 0x0000000100000000)
  region size 1024K, 0 young (0K), 0 survivors (0K)
 Metaspace       used 29555K, committed 30016K, reserved 1081344K
  class space    used 3976K, committed 4160K, reserved 1048576K
}
Event: 5163.033 GC heap before
{Heap before GC invocations=498 (full 489):
 garbage-first heap   total 37888K, used 11229K [0x00000000c9e00000, 0x0000000100000000)
  region size 1024K, 3 young (3072K), 0 survivors (0K)
 Metaspace       used 29555K, committed 30016K, reserved 1081344K
  class space    used 3976K, committed 4160K, reserved 1048576K
}
Event: 5163.051 GC heap after
{Heap after GC invocations=499 (full 490):
 garbage-first heap   total 37888K, used 10205K [0x00000000c9e00000, 0x0000000100000000)
  region size 1024K, 0 young (0K), 0 survivors (0K)
 Metaspace       used 29555K, committed 30016K, reserved 1081344K
  class space    used 3976K, committed 4160K, reserved 1048576K
}
Event: 5173.269 GC heap before
{Heap before GC invocations=499 (full 490):
 garbage-first heap   total 37888K, used 11229K [0x00000000c9e00000, 0x0000000100000000)
  region size 1024K, 3 young (3072K), 0 survivors (0K)
 Metaspace       used 29555K, committed 30016K, reserved 1081344K
  class space    used 3976K, committed 4160K, reserved 1048576K
}
Event: 5173.288 GC heap after
{Heap after GC invocations=500 (full 491):
 garbage-first heap   total 37888K, used 10205K [0x00000000c9e00000, 0x0000000100000000)
  region size 1024K, 0 young (0K), 0 survivors (0K)
 Metaspace       used 29555K, committed 30016K, reserved 1081344K
  class space    used 3976K, committed 4160K, reserved 1048576K
}
Event: 5185.932 GC heap before
{Heap before GC invocations=500 (full 491):
 garbage-first heap   total 37888K, used 11229K [0x00000000c9e00000, 0x0000000100000000)
  region size 1024K, 3 young (3072K), 0 survivors (0K)
 Metaspace       used 29555K, committed 30016K, reserved 1081344K
  class space    used 3976K, committed 4160K, reserved 1048576K
}
Event: 5185.951 GC heap after
{Heap after GC invocations=501 (full 492):
 garbage-first heap   total 37888K, used 10205K [0x00000000c9e00000, 0x0000000100000000)
  region size 1024K, 0 young (0K), 0 survivors (0K)
 Metaspace       used 29555K, committed 30016K, reserved 1081344K
  class space    used 3976K, committed 4160K, reserved 1048576K
}

