# JRE version: OpenJDK Runtime Environment Temurin-17.0.2+8 (17.0.2+8) (build 17.0.2+8)
# Java VM: OpenJDK 64-Bit Server VM Temurin-17.0.2+8 (17.0.2+8, mixed mode, emulated-client, tiered, compressed oops, compressed class ptrs, g1 gc, windows-amd64)
GC Precious Log:
 CPUs: 2 total, 2 available
 Memory: 3463M
 Large Page Support: Disabled
 NUMA Support: Disabled
 Compressed Oops: Enabled (32-bit)
 Heap Region Size: 1M
 Heap Min Capacity: 8M
 Heap Initial Capacity: 56M
 Heap Max Capacity: 866M
 Pre-touch: Disabled
 Parallel Workers: 2
 Concurrent Workers: 1
 Concurrent Refinement Workers: 2
 Periodic GC: Disabled
Heap:
 garbage-first heap   total 34816K, used 13249K [0x00000000c9e00000, 0x0000000100000000)
  region size 1024K, 5 young (5120K), 0 survivors (0K)
 Metaspace       used 29555K, committed 30016K, reserved 1081344K
  class space    used 3973K, committed 4160K, reserved 1048576K
GC Heap History (20 events):
Event: 7004.579 GC heap before
{Heap before GC invocations=678 (full 667):
 garbage-first heap   total 34816K, used 12225K [0x00000000c9e00000, 0x0000000100000000)
  region size 1024K, 3 young (3072K), 0 survivors (0K)
 Metaspace       used 29555K, committed 30016K, reserved 1081344K
  class space    used 3973K, committed 4160K, reserved 1048576K
}
Event: 7004.599 GC heap after
{Heap after GC invocations=679 (full 668):
 garbage-first heap   total 34816K, used 10177K [0x00000000c9e00000, 0x0000000100000000)
  region size 1024K, 0 young (0K), 0 survivors (0K)
 Metaspace       used 29555K, committed 30016K, reserved 1081344K
  class space    used 3973K, committed 4160K, reserved 1048576K
}
Event: 7014.883 GC heap before
{Heap before GC invocations=679 (full 668):
 garbage-first heap   total 34816K, used 11201K [0x00000000c9e00000, 0x0000000100000000)
  region size 1024K, 3 young (3072K), 0 survivors (0K)
 Metaspace       used 29555K, committed 30016K, reserved 1081344K
  class space    used 3973K, committed 4160K, reserved 1048576K
}
Event: 7014.901 GC heap after
{Heap after GC invocations=680 (full 669):
 garbage-first heap   total 34816K, used 10177K [0x00000000c9e00000, 0x0000000100000000)
  region size 1024K, 0 young (0K), 0 survivors (0K)
 Metaspace       used 29555K, committed 30016K, reserved 1081344K
  class space    used 3973K, committed 4160K, reserved 1048576K
}
Event: 7025.213 GC heap before
{Heap before GC invocations=680 (full 669):
 garbage-first heap   total 34816K, used 11201K [0x00000000c9e00000, 0x0000000100000000)
  region size 1024K, 3 young (3072K), 0 survivors (0K)
 Metaspace       used 29555K, committed 30016K, reserved 1081344K
  class space    used 3973K, committed 4160K, reserved 1048576K
}
Event: 7025.234 GC heap after
{Heap after GC invocations=681 (full 670):
 garbage-first heap   total 34816K, used 10177K [0x00000000c9e00000, 0x0000000100000000)
  region size 1024K, 0 young (0K), 0 survivors (0K)
 Metaspace       used 29555K, committed 30016K, reserved 1081344K
  class space    used 3973K, committed 4160K, reserved 1048576K
}
Event: 7035.471 GC heap before
{Heap before GC invocations=681 (full 670):
 garbage-first heap   total 34816K, used 11201K [0x00000000c9e00000, 0x0000000100000000)
  region size 1024K, 3 young (3072K), 0 survivors (0K)
 Metaspace       used 29555K, committed 30016K, reserved 1081344K
  class space    used 3973K, committed 4160K, reserved 1048576K
}
Event: 7035.490 GC heap after
{Heap after GC invocations=682 (full 671):
 garbage-first heap   total 34816K, used 10177K [0x00000000c9e00000, 0x0000000100000000)
  region size 1024K, 0 young (0K), 0 survivors (0K)
 Metaspace       used 29555K, committed 30016K, reserved 1081344K
  class space    used 3973K, committed 4160K, reserved 1048576K
}
Event: 7045.800 GC heap before
{Heap before GC invocations=682 (full 671):
 garbage-first heap   total 34816K, used 11201K [0x00000000c9e00000, 0x0000000100000000)
  region size 1024K, 3 young (3072K), 0 survivors (0K)
 Metaspace       used 29555K, committed 30016K, reserved 1081344K
  class space    used 3973K, committed 4160K, reserved 1048576K
}
Event: 7045.821 GC heap after
{Heap after GC invocations=683 (full 672):
 garbage-first heap   total 34816K, used 10177K [0x00000000c9e00000, 0x0000000100000000)
  region size 1024K, 0 young (0K), 0 survivors (0K)
 Metaspace       used 29555K, committed 30016K, reserved 1081344K
  class space    used 3973K, committed 4160K, reserved 1048576K
}
Event: 7056.236 GC heap before
{Heap before GC invocations=683 (full 672):
 garbage-first heap   total 34816K, used 11201K [0x00000000c9e00000, 0x0000000100000000)
  region size 1024K, 3 young (3072K), 0 survivors (0K)
 Metaspace       used 29555K, committed 30016K, reserved 1081344K
  class space    used 3973K, committed 4160K, reserved 1048576K
}
Event: 7056.255 GC heap after
{Heap after GC invocations=684 (full 673):
 garbage-first heap   total 34816K, used 10177K [0x00000000c9e00000, 0x0000000100000000)
  region size 1024K, 0 young (0K), 0 survivors (0K)
 Metaspace       used 29555K, committed 30016K, reserved 1081344K
  class space    used 3973K, committed 4160K, reserved 1048576K
}
Event: 7066.516 GC heap before
{Heap before GC invocations=684 (full 673):
 garbage-first heap   total 34816K, used 11201K [0x00000000c9e00000, 0x0000000100000000)
  region size 1024K, 3 young (3072K), 0 survivors (0K)
 Metaspace       used 29555K, committed 30016K, reserved 1081344K
  class space    used 3973K, committed 4160K, reserved 1048576K
}
Event: 7066.535 GC heap after
{Heap after GC invocations=685 (full 674):
 garbage-first heap   total 34816K, used 10177K [0x00000000c9e00000, 0x0000000100000000)
  region size 1024K, 0 young (0K), 0 survivors (0K)
 Metaspace       used 29555K, committed 30016K, reserved 1081344K
  class space    used 3973K, committed 4160K, reserved 1048576K
}
Event: 7076.909 GC heap before
{Heap before GC invocations=685 (full 674):
 garbage-first heap   total 34816K, used 11201K [0x00000000c9e00000, 0x0000000100000000)
  region size 1024K, 3 young (3072K), 0 survivors (0K)
 Metaspace       used 29555K, committed 30016K, reserved 1081344K
  class space    used 3973K, committed 4160K, reserved 1048576K
}
Event: 7076.931 GC heap after
{Heap after GC invocations=686 (full 675):
 garbage-first heap   total 34816K, used 10177K [0x00000000c9e00000, 0x0000000100000000)
  region size 1024K, 0 young (0K), 0 survivors (0K)
 Metaspace       used 29555K, committed 30016K, reserved 1081344K
  class space    used 3973K, committed 4160K, reserved 1048576K
}
Event: 7087.208 GC heap before
{Heap before GC invocations=686 (full 675):
 garbage-first heap   total 34816K, used 11201K [0x00000000c9e00000, 0x0000000100000000)
  region size 1024K, 3 young (3072K), 0 survivors (0K)
 Metaspace       used 29555K, committed 30016K, reserved 1081344K
  class space    used 3973K, committed 4160K, reserved 1048576K
}
Event: 7087.227 GC heap after
{Heap after GC invocations=687 (full 676):
 garbage-first heap   total 34816K, used 10177K [0x00000000c9e00000, 0x0000000100000000)
  region size 1024K, 0 young (0K), 0 survivors (0K)
 Metaspace       used 29555K, committed 30016K, reserved 1081344K
  class space    used 3973K, committed 4160K, reserved 1048576K
}
Event: 7098.096 GC heap before
{Heap before GC invocations=687 (full 676):
 garbage-first heap   total 34816K, used 11201K [0x00000000c9e00000, 0x0000000100000000)
  region size 1024K, 3 young (3072K), 0 survivors (0K)
 Metaspace       used 29555K, committed 30016K, reserved 1081344K
  class space    used 3973K, committed 4160K, reserved 1048576K
}
Event: 7098.114 GC heap after
{Heap after GC invocations=688 (full 677):
 garbage-first heap   total 34816K, used 10177K [0x00000000c9e00000, 0x0000000100000000)
  region size 1024K, 0 young (0K), 0 survivors (0K)
 Metaspace       used 29555K, committed 30016K, reserved 1081344K
  class space    used 3973K, committed 4160K, reserved 1048576K
}

